[2026-04-29 21:54:01] To: coockikim@gmail.com | Subject: [FinanceApp] Xác nhận địa chỉ email

Xác nhận email đăng ký
Xin chào Adius, bạn đã đăng ký tài khoản FinanceApp.
Bấm nút bên dưới để xác nhận:

  
    Xác nhận email
  

Link có hiệu lực trong 24 giờ.

------------------------------------------------------------
[2026-04-29 22:08:41] To: tuandat28092005@gmail.com | Subject: [FinanceApp] Xác nhận địa chỉ email

Xác nhận email đăng ký

Xin chào Ngonlu124, bạn đã đăng ký tài khoản FinanceApp.


Bấm nút bên dưới để xác nhận:


  
    ✅ Xác nhận email
  


Link có hiệu lực trong 24 giờ.

Nếu bạn không đăng ký tài khoản này, hãy bỏ qua email này.


FinanceApp — Đề 13 OOP MVC


------------------------------------------------------------
[2026-04-29 22:17:45] To: datng28092005@gmail.com | Subject: [FinanceApp] Xác nhận địa chỉ email

Xác nhận email đăng ký

Xin chào Khoado, bạn đã đăng ký tài khoản FinanceApp.


Bấm nút bên dưới để xác nhận:


  
    ✅ Xác nhận email
  


Link có hiệu lực trong 24 giờ.

Nếu bạn không đăng ký tài khoản này, hãy bỏ qua email này.


FinanceApp — Đề 13 OOP MVC


------------------------------------------------------------
[2026-04-29 22:20:09] To: coockikim@gmail.com | Subject: [FinanceApp] Đặt lại mật khẩu

Đặt lại mật khẩu

Xin chào Adius, chúng tôi nhận được yêu cầu đặt lại mật khẩu.


  
    🔑 Đặt lại mật khẩu
  


Link có hiệu lực trong 30 phút.

Nếu không phải bạn yêu cầu, hãy bỏ qua. Mật khẩu sẽ không thay đổi.


FinanceApp — Đề 13 OOP MVC


------------------------------------------------------------
[2026-04-29 22:25:07] To: coockikim@gmail.com | Subject: [FinanceApp] Xác nhận địa chỉ email

Xác nhận email đăng ký

Xin chào Khoado11, bạn đã đăng ký tài khoản FinanceApp.


Bấm nút bên dưới để xác nhận:


  
    ✅ Xác nhận email
  


Link có hiệu lực trong 24 giờ.

Nếu bạn không đăng ký tài khoản này, hãy bỏ qua email này.


FinanceApp — Đề 13 OOP MVC


------------------------------------------------------------
[2026-04-29 23:07:41] To: quangvanthinh200567@gmail.com | Subject: [FinanceApp] Xác nhận địa chỉ email

Xác nhận email đăng ký

Xin chào Qang_2, bạn đã đăng ký tài khoản FinanceApp.


Bấm nút bên dưới để xác nhận:


  
    ✅ Xác nhận email
  


Link có hiệu lực trong 24 giờ.

Nếu bạn không đăng ký tài khoản này, hãy bỏ qua email này.


FinanceApp — Đề 13 OOP MVC


------------------------------------------------------------
[2026-04-30 07:39:14] To: testuser123@example.com | Subject: [FinanceApp] Xác nhận địa chỉ email

Xác nhận email đăng ký

Xin chào testuser123, bạn đã đăng ký tài khoản FinanceApp.


Bấm nút bên dưới để xác nhận:


  
    ✅ Xác nhận email
  


Link có hiệu lực trong 24 giờ.

Nếu bạn không đăng ký tài khoản này, hãy bỏ qua email này.


FinanceApp — Đề 13 OOP MVC


------------------------------------------------------------
[2026-05-02 21:33:49] To: viethang7a@gmail.com | Subject: [FinanceApp] Xác nhận địa chỉ email

Xác nhận email đăng ký

Xin chào Hang05, bạn đã đăng ký tài khoản FinanceApp.


  ✅ Xác nhận email


Link có hiệu lực trong 24 giờ.
Nếu bạn không đăng ký, hãy bỏ qua email này.


FinanceApp — Đề 13 OOP MVC


------------------------------------------------------------
[2026-05-03 02:11:39] To: tester@example.com | Subject: [FinanceApp] Xác nhận địa chỉ email

Xác nhận email đăng ký

Xin chào tester, bạn đã đăng ký tài khoản FinanceApp.


  ✅ Xác nhận email


Link có hiệu lực trong 24 giờ.
Nếu bạn không đăng ký, hãy bỏ qua email này.


FinanceApp — Đề 13 OOP MVC


------------------------------------------------------------
[2026-05-03 16:00:17] To: datng28092005@gmail.com | Subject: [FinanceApp] Xác nhận địa chỉ email

Xác nhận email đăng ký

Xin chào SMTP Test, bạn đã đăng ký tài khoản FinanceApp.


  ✅ Xác nhận email


Link có hiệu lực trong 24 giờ.
Nếu bạn không đăng ký, hãy bỏ qua email này.


FinanceApp — Đề 13 OOP MVC


------------------------------------------------------------
[2026-05-03 21:10:24] To: viethang82005@gmail.com | Subject: [FinanceApp] Xác nhận địa chỉ email

Xác nhận email đăng ký

Xin chào Hang123, bạn đã đăng ký tài khoản FinanceApp.


  ✅ Xác nhận email


Link có hiệu lực trong 24 giờ.
Nếu bạn không đăng ký, hãy bỏ qua email này.


FinanceApp — Đề 13 OOP MVC


------------------------------------------------------------
[2026-05-03 21:58:32] To: test1828770261@test.com | Subject: [FinanceApp] Xác nhận địa chỉ email

Xác nhận email đăng ký

Xin chào testuser517483654, bạn đã đăng ký tài khoản FinanceApp.


  ✅ Xác nhận email


Link có hiệu lực trong 24 giờ.
Nếu bạn không đăng ký, hãy bỏ qua email này.


FinanceApp — Đề 13 OOP MVC


------------------------------------------------------------
[2026-05-03 22:03:47] To: phuc80888@gmail.com | Subject: [FinanceApp] Xác nhận địa chỉ email

Xác nhận email đăng ký

Xin chào PhucNgu, bạn đã đăng ký tài khoản FinanceApp.


  ✅ Xác nhận email


Link có hiệu lực trong 24 giờ.
Nếu bạn không đăng ký, hãy bỏ qua email này.


FinanceApp — Đề 13 OOP MVC


------------------------------------------------------------
